Exception in thread "main" java.lang.NumberFormatException: For input string: "nginx.clojure.NginxChainWrappedInputStream@b2c5e07"
	at java.base/java.lang.NumberFormatException.forInputString(NumberFormatException.java:67)
	at java.base/java.lang.Integer.parseInt(Integer.java:668)
	at java.base/java.lang.Integer.parseInt(Integer.java:786)
	at nginx.clojure.java.NginxJavaResponse.fetchStatus(NginxJavaResponse.java:41)
	at nginx.clojure.NginxClojureRT.handleResponse(NginxClojureRT.java:1548)
	at nginx.clojure.NginxSimpleHandler.execute(NginxSimpleHandler.java:156)
	at nginx.clojure.NginxClojureRT.eval(NginxClojureRT.java:1162)
Exception in thread "main" java.lang.NumberFormatException: For input string: "nginx.clojure.NginxChainWrappedInputStream@6b88ca8c"
	at java.base/java.lang.NumberFormatException.forInputString(NumberFormatException.java:67)
	at java.base/java.lang.Integer.parseInt(Integer.java:668)
	at java.base/java.lang.Integer.parseInt(Integer.java:786)
	at nginx.clojure.java.NginxJavaResponse.fetchStatus(NginxJavaResponse.java:41)
	at nginx.clojure.NginxClojureRT.handleResponse(NginxClojureRT.java:1548)
	at nginx.clojure.NginxSimpleHandler.execute(NginxSimpleHandler.java:156)
	at nginx.clojure.NginxClojureRT.eval(NginxClojureRT.java:1162)
2025/04/30 17:04:41 [notice] 23366#0: signal process started
Exception in thread "main" java.lang.NumberFormatException: For input string: "nginx.clojure.NginxChainWrappedInputStream@b2c5e07"
	at java.base/java.lang.NumberFormatException.forInputString(NumberFormatException.java:67)
	at java.base/java.lang.Integer.parseInt(Integer.java:668)
	at java.base/java.lang.Integer.parseInt(Integer.java:786)
	at nginx.clojure.java.NginxJavaResponse.fetchStatus(NginxJavaResponse.java:41)
	at nginx.clojure.NginxClojureRT.handleResponse(NginxClojureRT.java:1548)
	at nginx.clojure.NginxSimpleHandler.execute(NginxSimpleHandler.java:156)
	at nginx.clojure.NginxClojureRT.eval(NginxClojureRT.java:1162)
2025/04/30 17:06:03 [error] 23453#0: *60 upstream timed out (60: Operation timed out) while reading upstream, client: 127.0.0.1, server: localhost, request: "GET /search?q=%EB%94%94%EC%95%8C%EC%97%A0%EC%9D%B8%EC%82%AC%EC%9D%B4%EB%93%9C&sca_esv=076e05d021dd9d5f&source=hp&ei=q9kRaKv5CuDG0-kP7c7X0Q4&iflsig=ACkRmUkAAAAAaBHnu9Yu8-DS41iSMoXwl_Hsc0AtFlr9&ved=0ahUKEwjr-vD8pf-MAxVg4zQHHW3nNeoQ4dUDCA0&uact=5&oq=%EB%94%94%EC%95%8C%EC%97%A0%EC%9D%B8%EC%82%AC%EC%9D%B4%EB%93%9C&gs_lp=Egdnd3Mtd2l6IhXrlJTslYzsl6DsnbjsgqzsnbTrk5wyCxAuGIAEGMcBGK8BMgIQJjIFEAAY7wUyCBAAGIAEGKIEMgUQABjvBTIIEAAYgAQYogRIwxNQAFjiEHAAeACQAQKYAccDoAHeIaoBCTEuMS4wLjkuMrgBA8gBAPgBAZgCBqAC4QzCAgsQABiABBixAxiDAcICERAuGIAEGLEDGNEDGIMBGMcBwgIOEC4YgAQYsQMY0QMYxwHCAgUQABiABMICDhAuGIAEGLEDGIMBGNQCwgIIEAAYgAQYsQPCAggQLhiABBjUAsICCxAuGIAEGNEDGMcBwgIFEC4YgASYAwCSBwcxLjAuMS40oAfPhwGyBwcxLjAuMS40uAfhDA&sclient=gws-wiz HTTP/1.1", upstream: "https://172.217.161.228:443/search?q=%EB%94%94%EC%95%8C%EC%97%A0%EC%9D%B8%EC%82%AC%EC%9D%B4%EB%93%9C&sca_esv=076e05d021dd9d5f&source=hp&ei=q9kRaKv5CuDG0-kP7c7X0Q4&iflsig=ACkRmUkAAAAAaBHnu9Yu8-DS41iSMoXwl_Hsc0AtFlr9&ved=0ahUKEwjr-vD8pf-MAxVg4zQHHW3nNeoQ4dUDCA0&uact=5&oq=%EB%94%94%EC%95%8C%EC%97%A0%EC%9D%B8%EC%82%AC%EC%9D%B4%EB%93%9C&gs_lp=Egdnd3Mtd2l6IhXrlJTslYzsl6DsnbjsgqzsnbTrk5wyCxAuGIAEGMcBGK8BMgIQJjIFEAAY7wUyCBAAGIAEGKIEMgUQABjvBTIIEAAYgAQYogRIwxNQAFjiEHAAeACQAQKYAccDoAHeIaoBCTEuMS4wLjkuMrgBA8gBAPgBAZgCBqAC4QzCAgsQABiABBixAxiDAcICERAuGIAEGLEDGNEDGIMBGMcBwgIOEC4YgAQYsQMY0QMYxwHCAgUQABiABMICDhAuGIAEGLEDGIMBGNQCwgIIEAAYgAQYsQPCAggQLhiABBjUAsICCxAuGIAEGNEDGMcBwgIFEC4YgASYAwCSBwcxLjAuMS40oAfPhwGyBwcxLjAuMS40uAfhDA&sclient=gws-wiz", host: "localhost", referrer: "http://localhost/"
2025/04/30 17:07:35 [notice] 24165#0: signal process started
Exception in thread "main" java.lang.NumberFormatException: For input string: "nginx.clojure.NginxChainWrappedInputStream@b2c5e07"
	at java.base/java.lang.NumberFormatException.forInputString(NumberFormatException.java:67)
	at java.base/java.lang.Integer.parseInt(Integer.java:668)
	at java.base/java.lang.Integer.parseInt(Integer.java:786)
	at nginx.clojure.java.NginxJavaResponse.fetchStatus(NginxJavaResponse.java:41)
	at nginx.clojure.NginxClojureRT.handleResponse(NginxClojureRT.java:1548)
	at nginx.clojure.NginxSimpleHandler.execute(NginxSimpleHandler.java:156)
	at nginx.clojure.NginxClojureRT.eval(NginxClojureRT.java:1162)
Exception in thread "main" java.lang.NumberFormatException: For input string: "nginx.clojure.NginxChainWrappedInputStream@6b88ca8c"
	at java.base/java.lang.NumberFormatException.forInputString(NumberFormatException.java:67)
	at java.base/java.lang.Integer.parseInt(Integer.java:668)
	at java.base/java.lang.Integer.parseInt(Integer.java:786)
	at nginx.clojure.java.NginxJavaResponse.fetchStatus(NginxJavaResponse.java:41)
	at nginx.clojure.NginxClojureRT.handleResponse(NginxClojureRT.java:1548)
	at nginx.clojure.NginxSimpleHandler.execute(NginxSimpleHandler.java:156)
	at nginx.clojure.NginxClojureRT.eval(NginxClojureRT.java:1162)
2025/04/30 17:09:32 [error] 24376#0: *33 upstream timed out (60: Operation timed out) while reading upstream, client: 127.0.0.1, server: localhost, request: "GET /search?q=%EB%94%94%EC%95%8C%EC%97%A0%EC%9D%B8%EC%82%AC%EC%9D%B4%EB%93%9C&sca_esv=076e05d021dd9d5f&source=hp&ei=fdoRaI3iFJKs0-kPhPTQkQg&iflsig=ACkRmUkAAAAAaBHojYqKScJ82Ae9iX6M2h91BRkUbT_x&ved=0ahUKEwjNlIzhpv-MAxUS1jQHHQQ6NIIQ4dUDCA8&uact=5&oq=%EB%94%94%EC%95%8C%EC%97%A0%EC%9D%B8%EC%82%AC%EC%9D%B4%EB%93%9C&gs_lp=Egdnd3Mtd2l6IhXrlJTslYzsl6DsnbjsgqzsnbTrk5wyCxAuGIAEGMcBGK8BMgIQJjIFEAAY7wUyCBAAGIAEGKIEMgUQABjvBTIIEAAYgAQYogRI8A9QAFj0DHAAeACQAQCYAeUDoAGOF6oBBzItMS42LjG4AQPIAQD4AQGYAgWgArsOwgIIEAAYgAQYsQPCAgUQABiABMICCBAuGIAEGNQCwgILEC4YgAQY0QMYxwHCAgUQLhiABMICBhAAGAUYHpgDAJIHBzItMS4zLjGgB6hXsgcHMi0xLjMuMbgHuw4&sclient=gws-wiz HTTP/1.1", upstream: "https://[2404:6800:400a:804::2004]:443/search?q=%EB%94%94%EC%95%8C%EC%97%A0%EC%9D%B8%EC%82%AC%EC%9D%B4%EB%93%9C&sca_esv=076e05d021dd9d5f&source=hp&ei=fdoRaI3iFJKs0-kPhPTQkQg&iflsig=ACkRmUkAAAAAaBHojYqKScJ82Ae9iX6M2h91BRkUbT_x&ved=0ahUKEwjNlIzhpv-MAxUS1jQHHQQ6NIIQ4dUDCA8&uact=5&oq=%EB%94%94%EC%95%8C%EC%97%A0%EC%9D%B8%EC%82%AC%EC%9D%B4%EB%93%9C&gs_lp=Egdnd3Mtd2l6IhXrlJTslYzsl6DsnbjsgqzsnbTrk5wyCxAuGIAEGMcBGK8BMgIQJjIFEAAY7wUyCBAAGIAEGKIEMgUQABjvBTIIEAAYgAQYogRI8A9QAFj0DHAAeACQAQCYAeUDoAGOF6oBBzItMS42LjG4AQPIAQD4AQGYAgWgArsOwgIIEAAYgAQYsQPCAgUQABiABMICCBAuGIAEGNQCwgILEC4YgAQY0QMYxwHCAgUQLhiABMICBhAAGAUYHpgDAJIHBzItMS4zLjGgB6hXsgcHMi0xLjMuMbgHuw4&sclient=gws-wiz", host: "localhost", referrer: "http://localhost/"
2025/04/30 17:11:02 [emerg] 25096#0: bind() to 0.0.0.0:80 failed (48: Address already in use)
2025/04/30 17:11:02 [emerg] 25096#0: bind() to 0.0.0.0:80 failed (48: Address already in use)
2025/04/30 17:11:02 [emerg] 25096#0: bind() to 0.0.0.0:80 failed (48: Address already in use)
2025/04/30 17:11:02 [emerg] 25096#0: bind() to 0.0.0.0:80 failed (48: Address already in use)
2025/04/30 17:11:02 [emerg] 25096#0: bind() to 0.0.0.0:80 failed (48: Address already in use)
2025/04/30 17:11:02 [emerg] 25096#0: still could not bind()
2025/04/30 17:11:09 [notice] 25109#0: signal process started
Exception in thread "main" java.lang.NumberFormatException: For input string: "nginx.clojure.NginxChainWrappedInputStream@5812f68b"
	at java.base/java.lang.NumberFormatException.forInputString(NumberFormatException.java:67)
	at java.base/java.lang.Integer.parseInt(Integer.java:668)
	at java.base/java.lang.Integer.parseInt(Integer.java:786)
	at nginx.clojure.java.NginxJavaResponse.fetchStatus(NginxJavaResponse.java:41)
	at nginx.clojure.NginxClojureRT.handleResponse(NginxClojureRT.java:1548)
	at nginx.clojure.NginxSimpleHandler.execute(NginxSimpleHandler.java:156)
	at nginx.clojure.NginxClojureRT.eval(NginxClojureRT.java:1162)
Exception in thread "main" java.lang.NumberFormatException: For input string: "nginx.clojure.NginxChainWrappedInputStream@336f1079"
	at java.base/java.lang.NumberFormatException.forInputString(NumberFormatException.java:67)
	at java.base/java.lang.Integer.parseInt(Integer.java:668)
	at java.base/java.lang.Integer.parseInt(Integer.java:786)
	at nginx.clojure.java.NginxJavaResponse.fetchStatus(NginxJavaResponse.java:41)
	at nginx.clojure.NginxClojureRT.handleResponse(NginxClojureRT.java:1548)
	at nginx.clojure.NginxSimpleHandler.execute(NginxSimpleHandler.java:156)
	at nginx.clojure.NginxClojureRT.eval(NginxClojureRT.java:1162)
2025/04/30 17:12:21 [notice] 25480#0: signal process started
2025/04/30 17:13:29 [notice] 25808#0: signal process started
2025/04/30 17:13:29 [error] 25808#0: open() "/Users/bdh/Desktop/디알엠인사이드/nginx-clojure-0.5.3/logs/nginx.pid" failed (2: No such file or directory)
Exception in thread "main" java.lang.NumberFormatException: For input string: "nginx.clojure.NginxChainWrappedInputStream@5812f68b"
	at java.base/java.lang.NumberFormatException.forInputString(NumberFormatException.java:67)
	at java.base/java.lang.Integer.parseInt(Integer.java:668)
	at java.base/java.lang.Integer.parseInt(Integer.java:786)
	at nginx.clojure.java.NginxJavaResponse.fetchStatus(NginxJavaResponse.java:41)
	at nginx.clojure.NginxClojureRT.handleResponse(NginxClojureRT.java:1548)
	at nginx.clojure.NginxSimpleHandler.execute(NginxSimpleHandler.java:156)
	at nginx.clojure.NginxClojureRT.eval(NginxClojureRT.java:1162)
Exception in thread "main" java.lang.NumberFormatException: For input string: "nginx.clojure.NginxChainWrappedInputStream@336f1079"
	at java.base/java.lang.NumberFormatException.forInputString(NumberFormatException.java:67)
	at java.base/java.lang.Integer.parseInt(Integer.java:668)
	at java.base/java.lang.Integer.parseInt(Integer.java:786)
	at nginx.clojure.java.NginxJavaResponse.fetchStatus(NginxJavaResponse.java:41)
	at nginx.clojure.NginxClojureRT.handleResponse(NginxClojureRT.java:1548)
	at nginx.clojure.NginxSimpleHandler.execute(NginxSimpleHandler.java:156)
	at nginx.clojure.NginxClojureRT.eval(NginxClojureRT.java:1162)
2025/04/30 17:16:03 [error] 26256#0: *52 upstream timed out (60: Operation timed out) while reading upstream, client: 127.0.0.1, server: localhost, request: "GET /search?q=%EB%94%94%EC%95%8C%EC%97%A0%EC%9D%B8%EC%82%AC%EC%9D%B4%EB%93%9C&sca_esv=076e05d021dd9d5f&source=hp&ei=BNwRaMqPJOCk2roPl6vfcQ&iflsig=ACkRmUkAAAAAaBHqFLhDrkWyqSEndnlLlzuf65oJNOqh&ved=0ahUKEwjKodSbqP-MAxVgklYBHZfVNw4Q4dUDCA8&uact=5&oq=%EB%94%94%EC%95%8C%EC%97%A0%EC%9D%B8%EC%82%AC%EC%9D%B4%EB%93%9C&gs_lp=Egdnd3Mtd2l6IhXrlJTslYzsl6DsnbjsgqzsnbTrk5wyCxAuGIAEGMcBGK8BMgIQJjICECYyAhAmMgUQABjvBTIIEAAYgAQYogQyBRAAGO8FMggQABiABBiiBEjyDVAAWLgMcAB4AJABAJgBqQOgAbUMqgEFMy0xLjO4AQPIAQD4AQGYAgGgAqsDmAMAkgcDNC0xoAf-KbIHAzQtMbgHqwM&sclient=gws-wiz HTTP/1.1", upstream: "https://[2404:6800:400a:804::2004]:443/search?q=%EB%94%94%EC%95%8C%EC%97%A0%EC%9D%B8%EC%82%AC%EC%9D%B4%EB%93%9C&sca_esv=076e05d021dd9d5f&source=hp&ei=BNwRaMqPJOCk2roPl6vfcQ&iflsig=ACkRmUkAAAAAaBHqFLhDrkWyqSEndnlLlzuf65oJNOqh&ved=0ahUKEwjKodSbqP-MAxVgklYBHZfVNw4Q4dUDCA8&uact=5&oq=%EB%94%94%EC%95%8C%EC%97%A0%EC%9D%B8%EC%82%AC%EC%9D%B4%EB%93%9C&gs_lp=Egdnd3Mtd2l6IhXrlJTslYzsl6DsnbjsgqzsnbTrk5wyCxAuGIAEGMcBGK8BMgIQJjICECYyAhAmMgUQABjvBTIIEAAYgAQYogQyBRAAGO8FMggQABiABBiiBEjyDVAAWLgMcAB4AJABAJgBqQOgAbUMqgEFMy0xLjO4AQPIAQD4AQGYAgGgAqsDmAMAkgcDNC0xoAf-KbIHAzQtMbgHqwM&sclient=gws-wiz", host: "localhost", referrer: "http://localhost/"
2025/04/30 17:18:18 [notice] 27118#0: signal process started
2025/04/30 17:34:06 [notice] 31343#0: signal process started
2025/04/30 17:34:33 [notice] 31526#0: signal process started
2025/04/30 17:35:36 [notice] 31853#0: signal process started
2025/05/01 11:37:57 [alert] 32091#0: unlink() "/Users/bdh/Desktop/디알엠인사이드/nginx-clojure-0.5.3/logs/nginx.pid" failed (1: Operation not permitted)
2025/05/09 15:38:01 [emerg] 89111#0: mkdir() "/Users/bdh/DRMInside/temp/client_body_temp" failed (2: No such file or directory)
2025/05/09 15:39:08 [notice] 89393#0: signal process started
